9815270
9680615
9929625
9802307
9619718
9752128
9690711
9916104
9949628
9993768
9989499
9976933
9929860
9928279
9918650
9985596
9972020
9998219
9957737
9923323
9882502
9984877
9994389
9973947
9963509
9959961
9935368
9934197
9885308
9881394
9967812
9970477
9879599
9957168
9876797
9876612
9871554
9984548
9967909
9912495
9984646
9999330
9997595
9996366
9993789
9987843
9979568
9978240
9967896
9962339
9974903
9956716
9989224
9970908
9956464
9956192
9977797
9956187
9994630
9951572
9980736
9946208
9995253
9966451
9943025
9940674
9938694
9999616
9971071
9960040
9954580
9944678
9942598
9938428
9936939
9930728
9928808
9925268
9937914
9946675
9919556
9987973
9972083
9969904
9997064
9932192
9998525
9961814
9952055
9945608
9915974
9947428
9955964
9996407
9929367
9946980
9974000
9914300
9915652
9992747
9981399
9947556
9979086
9953415
9981401
9962848
9943724
9938822
9924750
9915209
9914115
9965994
9993479
9970034
9990179
9968370
9965627
9961276
9953663
9953653
9950153
9949861
9955122
9949348
9989997
9969093
9931105
9928798
9992893
9927059
9990510
9986088
9968818
9932070
9926759
9926217
9925215
9924700
9940757
9913704
9913533
9976799
9913504
9912083
9911930
9911742
9910799
9910265
9957179
9909435
9908082
9986381
9952376
9934115
9906398
9975910
9953971
9945044
9976600
9940923
9938317
9935929
9930279
9986661
9971524
9999734
9987673
9981545
9972291
9962183
9960835
9947493
9960133
9989531
9992624
9978995
9946480
9944073
9933063
9981177
9977470
9937163
9926597
9941374
9984927
9978865
9994709
9970832
9945308
9944590
9945357
9941761
9941696
9999841
9958190
9941430
9936155
9914897
9914187
9935949
9922809
9994946
9980585
9980776
9979417
9969315
9956017
9949115
9983867
9940440
9942824
9930134
9926317
9974310
9933990
9971773
9956035
9927556
9926189
9948178
9921555
9913709
9917833
9913149
9912842
9911232
9909534
9908007
9995423
9944158
9962249
9946908
9942804
9917143
9916892
9957717
9997008
9952187
9951398
9944463
9952396
9975916
9951020
9998893
9929324
9928625
9923936
9988575
9996316
9980917
9968761
9999456
9958467
9952295
9930563
9987627
9980490
9945299
9998310
9951573
9961780
9919315
9916211
9952308
9928871
9996745
9961710
9984462
9937479
9994201
9975278
9983994
9953828
9948722
9971357
9952771
9940976
9964826
9926647
9921727
9919276
9917010
9956288
9970727
9969505
9987000
9997270
9956504
9941591
9950917
9924406
9923193
9946578
9974215
9976516
9992738
9980389
9955573
9953893
9936077
9934867
9916074
9946143
9913261
9912266
9926998
9930169
9950601
9928994
9911289
9968174
9970899
9979592
9966986
9996578
9956514
9989581
9949787
9943076
9931940
9943770
9968143
9952398
9963805
9946296
9945711
9945166
9943169
9917446
9925440
9911000
9914882
9909892
9909183
9908172
9907885
9926249
9986008
9986319
9983159
9965251
9971224
9935404
9987595
9955473
9971532
9997928
9936184
9928255
9926569
9940478
9952764
9930313
9923845
9923503
9970991
9916013
9949557
9942096
9913444
9993051
9973933
9995601
9963516
9962160
9944492
9999669
9997936
9965184
9963652
9958512
9988975
9950053
9943988
9964286
9941636
9939325
9938553
9936096
9996571
9986433
9984550
9998142
9979742
9966899
9962673
9957158
9947660
9974430
9946254
9982471
9942333
9932375
9930007
9929771
9928583
9926466
9922267
9918938
9915721
9913270
9967425
9943790
9912418
9911638
9983641
9968267
9958421
9981753
9996668
9987239
9958165
9983435
9993922
9962402
9961425
9957893
9953474
9951036
9949336
9949000
9941788
9931367
9928444
9975045
9958645
9997964
9972188
9947236
9939964
9932881
9928209
9924198
9921860
9920320
9917704
9915254
9985104
9911669
9975093
9910378
9909385
9908943
9959550
9908886
9908277
9945287
9969516
9911658
9908001
9995832
9907546
9987160
9970109
9964625
9951433
9954575
9961007
9950454
9948385
9972694
9991320
9938165
9920619
9914638
9907439
9907348
9995813
9935661
9957322
9977942
9926258
9914214
9982283
9979319
9951641
9982432
9991026
9994187
9977534
9965735
9994474
9948945
9938203
9927967
9925666
9922519
9984573
9958263
9992137
9915665
9913812
9907281
9906743
9946151
9906319
9973185
9905766
9976469
9905048
9942142
9941080
9904904
9975528
9903993
9903799
9903777
9903181
9918927
9998223
9937415
9907908
9988695
9973010
9989892
9985344
9983058
9972110
9966918
9984376
9982299
9975249
9967218
9964921
9964213
9962948
9961700
9957268
9997506
9967368
9990247
9986985
9999832
9948327
9998092
9947754
9999301
9947223
9980348
9942146
9941229
9952682
9938207
9937221
9936082
9934470
9941121
9932762
9932468
9929442
9919656
9991556
9986162
9987739
9919418
9908411
9946475
9928058
9997930
9988760
9978672
9973189
9964837
9960700
9957098
9946782
9944828
9942201
9939822
9928269
9927682
9992785
9990895
9926475
9988993
9961751
9940948
9950119
9939187
9982984
9931948
9925333
9922487
9949084
9946185
9977424
9940059
9943453
9937774
9921904
9988841
9993859
9984283
9964829
9951805
9935236
9995359
9925289
9989453
9919895
9912879
9980503
9967477
9972290
9963807
9953766
9950093
9944986
9938497
9976731
9935600
9965878
9993260
9994653
9952849
9995799
9978419
9949603
9973695
9947624
9999385
9996423
9979087
9945401
9940195
9937071
9933540
9993476
9969842
9951161
9992920
9949577
9997861
9977284
9974730
9929743
9922707
9922279
9965387
9918181
9916829
9914326
9942436
9912585
9910632
9924641
9944226
9933066
9908384
9907844
9907721
9907182
9996691
9978024
9931590
9967411
9929665
9982359
9957516
9940527
9931839
9996337
9926241
9939067
9955154
9924240
9938509
9959256
9923785
9951661
9957068
9971620
9924706
9921426
9986714
9984419
9985958
9975809
9949916
9935096
9986223
9933047
9928665
9949370
9920958
9918352
9915601
9913241
9982301
9995016
9912896
9957230
9974575
9948036
9984369
9956894
9975647
9939330
9952651
9993061
9945757
9933563
9943437
9911960
9907992
9907040
9905872
9906529
9993223
9991950
9988055
9965454
9948788
9943216
9974532
9941294
9933733
9927848
9926908
9931727
9965126
9956600
9972019
9931710
9930325
9923103
9987741
9975620
9949900
9933373
9919932
9998480
9986509
9975061
9953716
9934713
9981272
9973150
9973015
9958829
9998011
9970471
9957174
9948259
9945029
9944686
9929369
9928815
9960461
9950072
9995323
9945975
9927452
9917735
9916757
9916729
9926858
9916554
9970952
9913525
9912516
9947831
9962412
9911258
9949914
9911263
9958957
9910852
9927365
9941937
9911868
9948600
9982397
9970919
9964911
9938376
9996498
9935181
9998289
9924627
9910326
9972973
9907505
9942587
9907187
9905986
9905572
9905198
9905090
9970377
9993376
9973776
9964015
9973062
9964488
9961423
9960839
9960607
9959068
9958663
9955419
9954498
9951844
9944903
9950566
9937619
9934573
9933888
9989325
9988690
9988098
9998835
9981363
9971873
9970484
9982638
9989813
9954884
9944514
9935446
9989738
9931089
9963356
9994397
9926503
9997885
9928377
9926456
9924418
9922660
9950244
9922199
9915739
9919101
9914778
9913375
9911862
9904627
9904612
9904248
9922597
9904085
9903951
9936223
9903764
9994460
9956092
9983580
9942134
9937462
9937253
9903341
9903143
9991278
9937432
9923027
9905972
9996311
9953690
9974879
9938310
9940605
9932618
9917235
9979611
9992923
9973207
9972742
9972275
9960869
9960177
9958703
9961164
9975726
9957060
9955196
9954817
9970859
9953897
9952748
9951526
9993379
9958385
9976329
9951928
9950924
9947246
9943910
9953502
9943564
9942536
9968131
9930123
9926635
9925754
9969589
9989023
9964340
9986404
9963749
9961158
9947481
9988981
9941397
9924237
9925515
9963292
9997856
9944312
9933779
9996367
9986926
9949882
9940697
9996974
9957300
9957184
9988234
9938055
9924107
9980549
9997878
9994658
9924303
9923993
9978109
9983191
9918127
9945515
9984756
9978117
9983452
9977025
9970745
9969939
9953938
9951311
9938547
9971152
9929614
9946992
9927810
9917832
9917332
9917321
9916272
9915835
9915969
9915719
9982219
9994952
9996654
9994983
9992003
9999223
9992899
9999756
9991562
9986373
9975693
9987526
9973756
9973109
9967434
9953949
9949020
9948396
9988313
9984587
9976490
9952372
9999499
9983725
9965964
9965505
9956160
9951448
9999709
9962266
9985589
9973523
9948046
9986635
9987194
9957476
9948792
9946935
9946808
9945759
9949592
9943308
9963688
9976202
9958668
9942437
9941198
9952436
9940156
9937023
9931812
9937502
9935671
9929686
9929242
9957022
9928809
9928790
9927780
9997170
9926123
9990259
9997478
9997162
9988597
9985723
9980174
9983015
9980998
9978284
9973103
9939617
9929191
9931889
9923241
9923225
9996994
9982373
9976335
9938939
9936196
9934564
9922342
9944795
9932201
9919940
9964459
9919068
9918749
9917961
9917787
9917349
9916114
9992073
9962154
9944530
9953583
9914968
9913641
9990438
9975893
9913400
9964067
9961844
9913125
9972384
9912290
9912229
9911894
9914179
9913231
9947370
9991002
9999358
9986942
9957229
9950977
9911843
9911526
9911311
9910979
9991526
9979986
9947855
9969200
9988103
9923106
9911340
9910815
9982457
9979483
9962461
9997081
9965217
9961387
9957122
9928277
9948504
9999344
9969254
9939287
9922064
9910575
9973862
9909611
9909577
9988244
9971179
9909570
9964174
9962284
9971675
9943126
9940509
9985258
9982706
9975995
9998013
9976323
9989385
9973880
9972796
9961762
9947412
9981224
9995017
9974178
9951379
9936643
9964547
9986966
9990518
9998416
9972014
9964253
9964142
9958511
9949976
9991901
9945118
9928451
9927377
9994830
9938169
9931141
9926296
9987525
9985693
9961606
9956392
9923381
9938931
9922928
9981187
9990493
9988193
9981181
9961953
9959833
9942117
9929947
9928929
9924285
9922394
9922221
9967171
9956589
9975409
9942884
9919618
9925816
9915617
9937536
9934310
9996053
9946165
9972119
9913344
9999702
9912312
9910711
9910243
9909679
9909152
9909037
9909014
9908772
9907985
9930667
9956498
9987524
9987930
9981080
9983299
9979229
9963943
9967837
9941113
9960514
9947828
9960277
9941019
9951452
9926902
9917347
9978961
9912626
9999163
9941545
9990511
9911174
9922252
9908485
9940118
9999268
9977515
9950063
9998505
9960994
9972644
9971190
9976060
9968769
9945477
9937785
9937361
9936147
9920651
9967079
9919483
9967522
9915948
9907211
9907008
9909488
9906260
9906160
9905946
9995059
9905912
9905358
9981888
9917660
9905228
9905112
9991282
9941782
9952455
9920318
9975116
9975007
9950905
9917426
9990954
9960171
9975836
9957461
9956423
9959513
9988557
9996649
9999867
9987636
9980639
9969930
9958515
9949414
9981388
9949693
9948753
9946197
9944627
9983017
9978066
9940041
9937741
9937444
9989159
9975317
9956757
9943949
9935835
9930983
9964767
9998582
9962313
9940317
9928059
9991443
9980509
9938889
9927050
9978685
9982836
9975170
9974271
9970168
9986102
9979510
9971134
9962614
9987437
9964153
9961933
9983625
9957999
9957625
9949042
9988474
9949053
9944350
9942050
9940610
9949236
9939762
9938282
9934961
9997498
9943378
9997705
9975216
9972874
9958203
9975510
9957626
9956985
9940093
9939328
9939084
9938453
9938271
9937833
9936772
9967078
9956088
9931197
9946194
9950340
9941450
9990142
9977315
9971104
9969128
9931085
9942081
9990445
9976313
9978091
9929770
9951781
9929712
9995072
9993572
9987875
9984114
9975780
9972339
9956817
9940934
9981384
9932322
9961139
9982785
9998714
9972501
9997355
9982551
9954802
9958695
9943535
9941134
9937967
9929316
9964425
9928409
9995809
9927020
9932432
9926703
9925825
9958861
9925661
9978272
9975495
9970467
9991173
9969916
9988087
9986302
9968780
9963728
9958907
9958196
9951042
9942957
9963405
9939993
9935591
9979378
9932544
9939721
9927913
9983930
9989586
9962685
9985941
9995985
9947207
9925494
9925277
9923926
9974219
9923443
9923330
9924550
9992171
9984983
9961638
9951943
9951033
9999227
9997480
9936249
9922963
9922448
9922098
9999042
9985469
9980839
9986171
9979516
9968441
9945599
9945562
9958914
9995950
9995098
9962670
9976042
9959616
9957873
9994757
9961916
9954785
9950959
9947836
9942951
9978360
9938719
9938346
9934236
9930700
9928229
9982210
9927959
9925099
9921723
9921515
9995696
9973561
9993077
9970038
9993675
9964476
9972683
9967197
9961907
9949204
9943194
9940117
9934729
9921313
9921138
9920358
9920013
9920000
9919904
9919789
9930707
9923810
9919090
9918786
9918701
9960187
9951155
9987149
9943229
9984021
9926438
9918346
9918201
9969763
9917805
9917491
9916835
9916040
9915393
9977770
9996330
9976088
9949970
9914872
9914646
9914525
9914220
9914165
9913769
9923269
9955777
9950781
9996215
9990456
9994062
9961366
9950650
9922146
9985354
9957741
9991844
9956689
9999170
9986384
9983170
9960153
9973575
9950821
9948176
9947286
9942852
9930965
9921208
9944059
9975338
9955085
9952268
9923645
9980310
9945526
9974621
9952736
9944331
9926828
9918461
9913297
9942902
9979747
9929283
9912987
9985583
9997231
9994736
9971214
9965982
9946576
9924397
9927921
9923863
9941149
9938400
9921091
9979455
9967881
9993351
9930548
9913743
9912893
9912744
9912223
9966121
9983241
9964728
9958342
9973051
9993370
9958292
9980204
9967387
9956748
9987877
9956183
9948647
9948312
9947064
9938211
9969875
9973502
9933663
9933606
9926341
9923957
9922003
9912353
9911994
9911642
9910978
9910843
9910291
9910283
9967364
9909724
9909669
9909498
9974774
9998036
9980218
9968443
9948926
9948292
9941006
9991016
9941043
9971806
9974912
9943817
9937104
9944430
9916253
9938080
9915145
9945908
9992908
9963587
9984231
9979840
9982983
9980780
9980316
9977595
9971485
9958730
9953451
9944568
9990773
9953428
9947041
9993629
9992706
9984482
9989117
9960722
9936429
9994782
9985133
9936358
9992962
9974107
9995428
9988586
9991692
9986039
9966902
9961432
9949452
9934949
9929832
9926831
9925700
9993099
9952311
9920656
9918924
9926386
9919896
9991896
9986101
9996781
9973335
9970610
9967589
9987301
9978400
9988490
9967486
9987603
9966959
9964118
9963144
9958833
9957256
9963116
9954878
9950842
9937998
9936658
9931039
9929799
9928201
9921445
9918910
9991476
9942382
9986950
9959877
9951122
9967238
9953559
9985578
9936346
9917147
9917052
9916780
9943815
9933286
9916407
9913431
9949620
9993693
9990573
9970132
9964857
9951170
9950715
9951361
9938410
9988717
9980169
9925811
9997468
9963890
9963786
9957416
9956140
9951729
9996685
9995124
9959546
9958399
9990557
9991362
9942283
9972765
9941778
9920038
9919260
9997336
9994482
9984483
9972355
9967102
9944658
9940521
9927799
9964506
9989899
9987197
9981241
9943361
9980369
9984402
9969762
9927671
9925920
9919223
9964592
9993336
9983160
9950190
9948323
9946034
9918926
9913238
9994444
9965315
9958061
9996790
9939410
9965882
9937740
9934502
9913078
9917384
9979407
9954259
9912569
9957224
9912222
9910304
9909438
9998677
9985072
9932488
9918655
9909346
9957274
9909274
9954611
9951505
9933403
9997996
9980595
9976359
9959034
9953076
9943489
9936960
9935369
9929219
9954623
9995221
9985994
9974530
9925300
9929732
9923209
9991598
9955580
9998508
9989383
9946948
9918646
9962018
9988674
9956173
9998266
9992939
9994477
9992654
9977175
9972076
9956043
9955095
9963887
9979284
9982190
9977621
9952129
9941672
9940586
9932568
9928578
9967013
9927178
9918289
9917548
9998939
9987646
9984889
9965940
9942451
9946088
9940963
9932900
9954444
9984865
9930942
9917260
9916047
9915991
9915838
9980591
9915637
9914005
9941768
9935522
9997509
9913419
9911600
9911062
9999265
9988355
9997163
9977377
9956952
9960241
9929412
9962414
9928477
9916206
9922852
9915192
9912348
9911123
9978590
9910570
9940034
9995011
9995781
9981854
9957221
9955746
9942857
9978336
9969291
9964883
9966893
9938519
9933770
9932467
9988659
9973206
9993496
9987313
9970583
9962125
9932047
9995812
9926213
9939611
9965528
9925810
9925786
9940816
9921833
9976522
9962505
9959560
9974036
9995297
9946110
9930562
9945955
9966148
9954589
9974062
9983758
9945039
9920919
9980450
9981944
9919815
9919716
9918880
9917867
9917565
9912421
9967705
9990828
9986599
9987042
9983013
9970836
9967039
9985896
9961345
9959962
9990746
9984307
9994542
9976552
9982473
9996315
9951953
9995303
9993015
9992324
9981127
9975784
9971226
9951746
9995916
9988159
9948429
9942567
9973875
9948938
9948329
9940587
9939367
9926824
9926499
9934722
9934067
9939952
9931054
9928471
9925007
9923703
9958708
9920351
9912472
9987688
9971933
9988213
9986690
9947222
9930600
9973125
9955568
9947388
9922608
9911851
9911268
9909252
9909196
9909182
9909050
9909033
9942091
9978514
9908602
9908457
9928519
9908423
9908359
9948900
9908313
9908262
9945645
9932679
9909603
9908121
9910244
9908078
9907940
9907877
9907873
9907851
9999295
9968601
9950831
9936784
9916068
9913607
9907835
9907790
9907709
9907669
9907445
9907246
9907190
9969782
9987304
9947737
9996356
9992846
9945940
9974760
9942966
9984125
9992975
9975240
9988736
9944930
9966593
9942069
9984536
9938722
9937779
9936571
9934843
9918794
9952603
9912455
9910300
9909902
9908506
9992533
9984994
9907983
9907038
9933467
9930428
9906840
9906775
9924021
9906759
9962136
9948358
9941398
9931098
9909615
9993102
9915888
9934490
9973710
9934188
9974933
9956597
9933339
9928694
9926917
9923733
9921021
9976994
9911684
9968030
9911080
9906713
9940464
9974732
9969706
9997781
9959534
9959096
9958260
9944210
9954291
9931356
9920555
9910864
9906578
9953453
9956964
9995278
9988324
9965706
9959246
9957432
9951088
9964418
9930831
9929081
9937055
9982462
9927115
9924865
9991721
9975114
9960033
9999820
9971405
9970192
9954852
9924941
9985996
9937643
9924239
9923951
9920628
9917612
9917372
9913865
9963559
9945194
9972606
9965986
9953774
9917643
9952458
9912972
9910962
9978619
9933362
9932353
9965639
9910925
9909245
9906518
9954875
9914933
9906504
9922678
9906466
9937676
9987588
9936710
9926111
9944854
9998477
9905994
9977836
9914617
9912249
9986045
9942906
9972471
9958514
9968329
9931059
9928016
9905815
9905683
9905533
9942298
9964602
9945204
9943527
9932615
9968730
9905529
9905522
9905458
9905384
9905367
9905160
9905154
9905097
9984183
9967999
9979987
9964523
9996116
9948039
9970738
9937852
9930108
9920859
9938938
9917728
9973654
9905079
9909406
9905056
9975897
9904965
9940618
9904854
9904647
9904579
9904567
9904559
9904490
9904416
9924765
9988268
9978395
9963343
9918061
9906705
9957290
9904359
9904330
9977203
9983282
9974040
9970019
9969774
9967590
9948568
9930688
9928088
9913228
9911359
9906862
9904326
9904323
9983691
9946554
9920951
9940691
9956250
9926985
9946671
9944034
9915725
9908493
9907478
9942110
9904261
9904255
9904075
9955295
9903992
9956239
9939649
9935253
9913219
9909505
9903981
9993167
9981217
9934287
9931712
9997524
9903896
9903785
9995547
9903661
9999041
9933061
9989517
9988253
9996582
9991382
9990293
9982949
9975277
9971965
9961632
9948171
9946812
9955016
9942171
9939615
9997433
9991272
9987921
9978382
9977597
9977054
9972620
9960600
9940954
9940949
9990777
9973714
9998150
9992006
9986469
9970010
9967262
9958693
9950624
9939903
9939547
9972972
9971261
9938493
9940434
9936410
9957628
9944541
9988352
9949834
9943473
9951081
9970591
9983090
9990677
9991730
9986011
9992078
9978652
9970324
9945960
9937243
9992930
9937260
9936542
9935514
9963204
9959316
9985456
9975335
9968278
9985059
9933293
9969346
9992590
9972301
9954729
9942922
9934523
9932608
9932606
9932202
9948508
9961597
9943136
9946633
9994089
9942496
9931871
9930737
9930460
9985976
9970976
9928780
9927779
9926606
9926566
9925410
9923533
9955408
9984767
9923486
9923393
9922176
9994836
9960496
9982044
9971290
9964665
9958788
9955194
9944523
9965192
9983862
9969040
9997518
9994849
9983980
9978968
9975578
9967994
9963611
9941739
9939624
9935147
9981085
9972229
9961084
9953531
9946953
9928488
9947591
9965001
9956567
9930085
9929471
9928400
9943589
9997515
9979655
9975374
9962089
9962472
9970096
9966312
9964824
9952891
9944921
9943901
9942513
9938591
9995444
9986436
9986013
9960665
9969841
9942320
9927950
9977181
9966812
9925946
9924660
9922034
9921444
9973471
9992464
9963123
9942993
9921013
9951280
9985983
9979671
9920050
9920026
9958416
9973199
9998420
9978869
9963185
9997160
9989118
9974348
9930972
9948014
9917423
9917303
9917002
9956515
9970951
9956142
9998644
9965343
9957458
9980500
9950313
9988678
9948544
9933435
9932522
9916100
9915997
9917737
9975759
9914359
9914282
9913918
9978280
9962113
9977766
9947521
9934942
9922800
9912888
9913594
9911288
9987021
9910360
9910218
9908625
9908586
9908365
9907422
9990395
9995165
9983919
9983640
9969995
9971672
9996548
9976453
9961802
9959310
9952133
9981580
9996854
9995899
9968662
9967088
9996355
9966944
9986761
9969381
9977502
9986056
9964214
9990568
9963120
9960571
9957752
9945540
9956282
9944433
9943947
9994161
9939674
9937734
9936053
9935103
9990911
9950557
9938419
9934403
9932813
9931822
9987129
9929980
9983009
9976347
9970687
9956299
9995981
9985286
9978301
9976141
9973168
9968763
9969874
9968260
9956625
9990162
9988779
9974561
9974317
9992664
9986026
9996431
9963230
9949832
9949599
9978945
9976357
9974853
9956213
9949027
9976896
9969278
9998192
9964795
9946761
9965354
9945880
9945355
9943492
9948826
9940885
9943504
9939924
9939130
9939082
9972922
9938507
9996471
9942169
9948533
9945883
9938307
9938095
9990935
9950996
9937957
9935962
9995731
9987168
9966208
9933726
9998851
9973301
9969174
9965245
9948619
9943651
9967846
9937401
9932294
9932240
9931423
9931408
9964933
9947029
9930842
9930383
9928351
9987880
9963784
9960090
9977050
9971639
9948925
9955058
9978133
9970173
9959478
9947938
9992365
9986567
9957279
9995791
9992884
9958548
9955788
9949005
9947518
9947350
9985306
9977337
9974357
9947079
9993538
9982438
9939428
9938785
9935073
9934851
9992274
9951111
9965064
9953254
9950113
9934361
9964196
9938109
9998577
9971659
9952044
9980980
9979173
9939946
9933934
9932909
9932584
9927966
9980516
9987283
9969817
9949149
9987639
9983783
9974073
9964738
9957519
9944036
9993201
9939542
9939049
9937878
9937664
9967691
9994610
9971958
9986588
9963444
9989505
9939828
9985402
9935531
9932982
9927792
9927528
9936284
9998234
9936904
9931340
9927408
9926763
9925552
9998920
9940853
9973314
9927910
9935582
9925517
9924976
9938657
9962324
9923736
9979801
9923695
9923479
9995416
9959059
9923176
9923143
9922631
9922121
9978862
9921941
9920478
9919584
9919299
9919273
9958935
9931464
9940679
9997283
9979394
9993194
9982503
9968379
9944826
9942830
9922301
9995408
9981334
9990580
9996038
9969827
9935144
9925092
9919145
9918651
9980413
9927467
9918649
9918398
9917680
9958434
9982619
9917653
9916548
9986111
9938605
9942399
9916515
9979989
9993404
9993164
9973720
9960756
9921664
9916214
9969443
9946834
9946204
9915744
9972336
9915729
9915633
9959399
9991772
9989790
9958034
9955718
9934346
9915338
9914699
9980598
9958778
9967576
9938990
9914306
9913484
9935947
9913255
9912919
9969579
9990583
9971777
9962767
9996376
9943511
9999752
9970379
9991184
9967379
9965411
9947346
9926481
9998174
9975287
9959166
9980067
9957355
9998755
9939591
9924692
9953537
9926850
9918168
9955953
9914894
9927392
9995742
9970375
9968222
9951834
9966030
9920914
9994894
9977264
9962759
9965329
9959553
9947048
9919269
9945782
9925063
9983463
9969177
9954703
9996142
9951537
9930536
9987144
9981258
9973122
9963492
9962173
9955048
9991691
9949684
9934992
9929188
9916598
9923296
9946722
9983553
9977023
9923597
9915975
9973292
9919396
9914227
9913314
9973260
9913103
9915346
9991202
9912899
9964170
9912558
9945349
9931190
9920362
9952611
9969985
9978296
9958354
9912065
9959286
9974456
9951100
9960341
9993047
9982421
9980136
9979802
9966202
9979879
9977189
9968668
9961571
9959942
9963482
9961832
9957671
9955349
9939222
9979903
9937001
9931390
9966288
9957150
9995232
9991819
9972273
9994555
9936607
9999678
9986329
9931383
9966755
9966411
9964861
9984966
9957695
9938385
9934938
9993820
9931315
9930710
9981766
9998884
9998580
9972701
9966850
9985314
9981845
9930594
9929919
9963350
9994975
9944197
9929870
9927854
9944305
9926372
9963447
9983329
9995183
9977902
9925839
9950376
9925003
9978011
9972118
9934020
9947809
9932589
9966708
9960507
9936810
9927978
9966777
9968064
9962051
9980778
9976194
9988221
9987124
9991162
9956870
9949704
9944905
9935893
9922906
9953901
9998073
9983805
9922607
9958183
9920932
9920401
9994991
9919750
9916807
9977139
9945669
9992991
9916320
9916236
9991771
9920103
9915849
9914047
9966739
9924368
9918970
9914001
9912463
9912387
9911710
9911554
9911272
9973792
9952190
9911097
9972176
9969447
9955096
9958848
9916007
9910918
9910850
9910833
9910709
9910672
9977497
9954245
9927032
9916283
9915213
9959542
9929298
9910005
9909989
9913974
9958056
9909545
9909487
9909422
9993853
9909092
9909016
9908961
9969921
9990051
9947182
9908902
9940554
9908791
9908622
9908615
9908534
9991859
9989333
9979008
9975670
9977143
9908325
9908265
9908104
9986832
9941727
9907756
9926242
9907693
9928967
9923320
9972254
9981775
9943631
9943112
9963044
9918381
9960368
9961099
9991488
9948341
9988373
9917146
9913501
9948899
9946156
9922945
9964291
9959271
9956743
9933588
9983089
9993818
9917790
9945993
9913274
9913038
9911277
9975253
9969290
9925436
9942561
9942655
9987220
9978385
9964702
9932306
9909267
9981952
9908671
9983599
9974803
9972374
9960024
9932566
9955144
9975233
9953317
9933004
9924979
9973276
9981414
9993433
9966065
9955720
9907568
9964899
9954502
9917793
9979851
9953883
9966130
9914039
9964985
9957131
9968108
9991198
9934658
9996849
9989133
9988112
9987888
9974327
9991603
9970154
9969872
9963628
9962978
9971009
9952815
9950938
9950819
9969767
9991931
9957605
9994705
9976985
9976368
9970796
9990430
9986764
9973321
9948075
9947148
9952944
9969282
9943935
9946388
9938917
9934262
9965902
9933413
9991279
9928329
9930175
9990165
9956826
9926195
9929807
9922619
9921784
9920221
9978206
9920172
9923918
9954624
9915865
9990540
9961666
9943604
9947365
9938756
9933534
9947697
9974751
9916801
9915537
9914758
9984345
9918993
9994918
9981059
9979629
9982456
9993230
9985061
9966427
9964443
9961445
9945810
9995414
9959288
9959053
9934929
9957544
9929364
9938425
9928467
9993968
9957567
9927321
9923958
9952263
9977040
9947264
9972560
9921990
9957754
9919945
9968457
9963720
9964200
9918828
9917041
9984754
9980831
9955750
9997535
9994528
9991217
9946222
9994455
9998271
9997648
9959540
9936686
9933137
9979814
9945922
9930779
9967420
9929731
9936594
9924801
9921893
9920946
9994591
9997551
9958707
9919173
9993833
9986763
9978737
9993218
9979915
9974804
9965168
9962929
9956345
9936256
9999760
9934912
9930004
9991805
9937231
9961843
9932272
9979462
9951347
9966328
9995010
9958468
9939445
9937612
9947233
9940361
9937012
9931873
9994436
9963638
9956109
9928988
9928842
9927829
9925670
9995315
9980390
9960318
9957538
9950689
9925120
9944393
9959824
9959863
9942416
9995301
9924617
9923841
9919006
9950395
9988495
9966554
9968776
9949908
9980638
9964438
9941325
9963148
9961454
9962796
9997969
9965282
9964390
9950238
9958044
9942531
9994085
9942157
9937843
9989369
9960992
9958406
9983169
9951853
9962480
9957954
9960644
9956219
9948481
9939480
9938739
9936135
9942024
9934135
9992704
9933080
9971936
9971279
9960643
9960552
9934418
9930501
9974822
9931401
9975624
9978302
9926253
9923950
9919270
9918718
9918542
9918526
9917811
9917366
9933542
9993757
9956369
9939122
9932226
9965301
9918811
9916387
9916312
9916170
9915939
9915415
9915373
9915325
9976360
9997667
9942176
9915216
9984124
9964314
9917679
9944566
9940262
9923778
9962914
9960371
9955200
9969741
9963460
9956120
9933506
9953788
9951348
9949792
9940075
9956181
9992029
9943347
9933831
9935562
9928624
9941311
9927294
9984779
9963659
9924702
9985826
9948968
9936435
9984445
9983337
9964043
9929859
9925750
9942349
9924296
9921192
9976915
9972939
9942160
9993882
9920546
9954367
9999367
9988182
9918914
9933287
9918602
9918184
9926276
9970185
9934129
9914650
9913887
9913495
9948085
9957559
9973498
9913372
9962561
9922386
9960549
9913224
9952967
9944444
9995336
9960548
9956268
9988932
9970887
9938903
9971977
9968053
9930902
9999138
9999104
9998411
9989922
9984215
9998767
9987523
9965447
9951025
9945177
9979799
9983430
9943854
9933698
9995995
9929455
9974624
9940630
9957520
9952617
9994744
9985011
9958256
9943012
9988205
9949301
9977558
9949533
9947725
9941152
9935085
9928829
9999958
9996551
9985196
9970641
9988781
9964634
9964007
9973728
9971596
9961145
9952394
9996425
9993324
9988002
9943017
9928241
9936550
9998227
9996473
9976021
9971681
9997968
9971404
9967505
9959966
9963272
9978704
9957186
9950114
9943601
9934205
9930452
9929617
9927477
9998468
9968845
9953544
9977684
9998808
9989119
9982103
9962308
9945417
9941038
9995070
9964828
9964179
9953753
9953279
9937209
9930800
9955870
9967421
9960622
9947919
9927643
9927206
9927163
9994413
9978384
9975804
9975557
9939949
9934642
9970108
9963389
9954959
9997071
9982212
9974291
9942161
9941023
9998535
9997530
9968572
9951337
9933220
9927237
9926822
9925087
9924747
9964341
9999625
9956559
9923735
9971845
9923529
9923427
9993338
9968358
9979248
9966827
9989808
9939671
9927616
9979345
9953817
9922972
9992368
9965233
9922538
9920463
9959561
9920243
9918711
9918308
9981053
9952250
9917958
9979886
9917224
9916849
9916610
9941967
9915919
9942197
9984025
9980867
9958008
9960267
9995346
9965410
9955535
9948446
9956169
9999242
9998222
9979880
9977618
9970649
9956744
9949389
9945897
9945838
9979975
9939229
9969840
9931517
9964809
9930484
9928954
9928847
9967061
9988414
9938447
9961875
9987362
9931412
9927678
9926088
9970391
9964711
9957246
9926732
9925465
9925457
9967926
9922528
9919341
9918360
9944655
9943375
9917494
9916410
9915743
9915730
9915700
9915241
9936954
9915135
9915029
9914785
9961265
9939960
9920174
9935862
9916184
9987988
9951364
9914461
9914340
9919613
9914271
9990151
9944053
9941111
9940536
9928633
9914077
9913970
9913508
9913359
9930440
9912923
9949695
9934253
9912431
9911945
9911795
9911436
9911418
9911348
9911306
9910827
9910618
9990115
9935538
9911813
9910423
9910308
9915613
9916605
9909924
9909900
9909858
9909726
9912187
9981099
9966299
9965388
9961720
9982567
9942901
9930131
9945889
9931120
9921548
9916655
9916207
9976697
9909695
9909001
9971096
9986523
9975773
9973184
9960449
9998088
9997849
9979447
9954822
9952103
9927311
9952078
9921029
9908620
9962527
9961030
9912138
9908242
9908120
9908062
9982339
9922232
9942689
9988365
9983600
9952993
9946919
9936484
9974567
9929464
9992809
9988206
9943732
9993248
9954424
9944651
9933708
9927961
9992980
9927472
9927358
9946153
9923497
9971315
9962310
9957329
9950889
9990118
9983055
9982486
9950440
9949261
9949181
9946960
9991205
9953171
9946010
9984166
9963679
9947678
9934839
9970524
9952747
9933918
9931485
9995148
9995084
9991684
9984177
9981375
9929513
9944861
9942748
9928659
9970147
9962223
9927361
9921845
9919937
9919796
9915463
9914884
9914826
9941840
9972243
9977004
9964166
9951073
9965520
9970254
9986064
9973579
9968665
9940416
9927612
9926331
9914726
9913927
9921281
9981054
9935739
9979038
9968395
9959220
9991137
9979167
9969825
9987137
9983429
9979336
9999710
9997497
9989811
9983966
9978983
9959641
9952502
9949077
9994223
9948364
9985782
9945952
9943579
9943536
9978876
9980953
9941973
9990868
9966263
9966380
9963480
9956054
9950684
9941841
9967318
9940367
9940267
9939340
9979990
9967232
9976383
9973529
9955874
9946547
9933843
9926370
9962981
9985813
9968679
9926979
9926060
9979841
9926312
9925723
9924778
9922867
9922724
9919442
9915916
9978525
9973002
9946119
9914218
9912982
9939958
9911821
9987363
9965271
9940462
9919458
9911407
9910622
9943543
9910550
9909645
9909631
9909432
9909121
9909094
9997090
9940576
9932495
9924219
9908480
9907979
9967195
9964594
9964472
9949304
9945374
9922152
9917084
9981606
9986511
9953190
9952420
9907865
9936269
9907726
9907537
9907533
9907523
9988383
9969211
9907508
9974128
9955489
9931111
9976475
9961055
9992309
9923407
9922770
9973748
9948549
9937777
9935850
9975705
9930173
9920686
9911001
9910495
9998186
9991461
9968431
9963508
9927976
9919564
9907477
9907434
9907424
9943338
9932260
9919924
9907302
9907299
9907288
9907118
9986586
9985290
9975752
9984280
9994185
9985712
9973127
9967805
9966250
9959002
9992988
9983883
9977154
9981759
9974374
9966399
9964293
9947062
9931926
9952621
9930136
9927448
9974883
9968992
9953852
9951516
9938426
9937863
9965423
9940337
9985662
9936638
9973957
9922976
9979684
9974742
9963936
9974870
9949552
9959378
9953259
9954409
9982913
9942347
9945567
9939028
9984875
9983754
9938726
9935848
9948954
9934468
9947615
9990358
9973454
9921995
9978969
9966372
9972774
9981345
9978421
9965901
9960124
9988160
9959976
9954415
9957739
9927415
9975517
9967052
9939439
9935567
9921113
9920506
9919199
9987836
9955391
9970683
9970307
9950033
9996525
9986283
9987645
9983722
9969963
9983960
9947774
9946703
9946198
9941329
9931530
9927194
9926277
9971609
9935925
9957464
9927251
9924897
9984267
9951266
9990257
9924230
9948907
9923203
9973440
9971160
9920993
9964147
9915772
9913870
9985705
9988157
9983312
9981417
9986152
9972003
9971542
9970863
9963009
9962013
9982182
9958026
9952768
9950319
9946379
9990097
9980213
9978430
9952198
9944924
9944390
9939482
9930402
9941337
9930132
9977897
9929270
9924662
9924334
9925769
9941779
9923460
9918014
9975535
9995703
9972426
9969500
9968650
9966397
9971086
9963207
9953636
9994202
9993450
9941584
9996988
9967803
9983213
9955842
9994868
9978324
9971004
9970501
9968415
9971121
9954443
9948293
9944764
9941511
9965220
9939516
9934044
9971168
9933378
9943043
9924096
9923416
9920543
9917005
9951895
9914016
9969129
9986041
9973626
9956235
9928237
9927042
9916747
9915776
9962415
9992187
9964386
9988702
9954928
9946906
9928137
9922844
9913464
9934974
9912594
9912521
9912287
9912093
9982615
9911746
9911280
9910940
9910871
9910042
9909813
9974978
9961179
9940495
9926113
9909599
9973252
9917272
9909383
9908830
9907990
9956343
9970283
9981462
9965931
9931107
9907386
9983885
9985237
9947280
9915818
9907109
9907108
9907063
9907060
9933979
9931894
9907020
9906972
9906810
9906765
9906677
9971795
9962086
9990117
9979441
9959582
9994392
9968864
9964698
9952249
9940155
9952419
9935747
9914736
9912361
9986372
9911904
9906530
9906514
9995257
9906513
9973988
9963202
9906464
9906381
9906365
9906363
9987198
9982298
9986098
9963095
9961886
9959110
9989270
9938998
9991391
9971912
9924138
9917760
9945662
9969783
9945516
9995673
9944887
9929388
9987479
9923373
9910644
9908819
9907881
9907623
9906337
9927962
9968994
9992257
9983971
9980679
9970666
9965748
9961914
9946321
9912151
9961613
9924000
9918750
9977975
9962703
9945412
9996179
9990912
9987002
9943944
9935067
9915962
9963862
9953364
9986052
9963931
9944813
9986527
9961808
9994153
9930909
9914744
9914288
9911664
9911053
9909875
9969778
9908518
9906284
9990161
9964042
9963134
9986928
9997225
9996440
9988845
9975260
9968461
9966690
9952770
9938153
9937807
9955158
9936896
9968447
9906267
9976908
9935426
9931067
9917263
9906167
9906142
9906107
9925311
9982312
9906080
9906016
9989123
9948964
9985829
9964099
9947536
9940702
9923089
9989198
9982321
9948848
9938829
9918975
9914696
9974237
9991268
9973356
9951383
9996077
9987468
9975962
9946910
9974555
9943743
9994958
9961416
9937708
9972850
9993624
9986053
9998694
9995733
9998746
9993896
9972165
9964785
9957748
9989825
9950998
9936899
9988107
9958463
9933928
9930283
9930104
9929257
9965997
9926500
9926246
9989489
9971032
9983276
9938788
9925828
9925357
9925081
9963156
9942675
9940654
9922131
9921501
9919979
9920422
9953607
9982228
9954414
9949560
9917209
9933937
9912773
9911455
9911305
9911186
9909791
9947000
9951543
9909315
9907793
9906832
9906716
9988197
9976137
9944093
9912103
9908433
9906536
9906478
9906441
9905775
9979832
9960395
9943369
9997576
9961963
9991959
9986374
9959629
9923205
9908307
9905711
9961263
9928033
9972906
9963473
9954688
9997696
9974631
9911481
9911043
9905700
9936058
9954480
9992958
9963584
9946802
9980574
9971942
9997169
9957812
9939972
9997118
9936816
9964901
9990630
9946325
9936409
9934431
9930806
9929583
9979793
9995563
9983459
9974460
9989681
9998022
9994530
9983293
9971284
9985774
9994139
9969380
9966856
9960977
9958509
9949479
9944657
9941623
9949270
9936873
9980082
9935499
9967676
9991374
9948479
9977397
9954617
9942173
9932621
9929768
9928353
9925266
9924429
9922970
9925667
9921644
9978451
9991256
9944154
9943290
9938729
9921370
9970720
9960604
9937234
9921165
9999226
9946498
9919734
9919406
9915582
9958291
9915456
9910331
9992703
9905694
9962637
9991229
9953347
9931487
9905676
9905653
9961187
9987422
9949030
9986787
9981130
9967458
9972096
9984383
9994421
9983238
9992098
9980905
9964687
9956279
9944198
9943587
9978473
9947186
9949766
9941304
9946446
9987454
9967365
9961141
9940687
9985255
9980614
9957051
9955440
9939584
9977199
9937678
9987085
9994328
9983269
9979993
9973533
9998849
9961781
9970774
9952400
9938485
9936296
9932659
9946007
9929208
9928055
9927986
9927857
9925770
9925694
9972149
9925002
9932607
9932773
9999437
9967474
9938922
9923653
9997553
9935220
9921749
9964236
9977929
9952916
9920680
9918863
9918004
9947515
9938386
9917619
9992707
9925790
9915704
9913871
9912778
9910029
9958433
9906275
9906265
9965205
9964377
9973787
9938992
9905611
9905571
9970149
9950622
9915751
9977880
9913369
9905524
9958216
9949649
9934329
9913346
9923021
9989299
9988590
9992390
9974303
9905560
9918408
9905476
9905471
9905337
9988811
9983229
9990205
9994767
9985855
9995744
9970117
9929517
9917104
9976327
9966676
9951310
9979722
9912848
9905232
9995770
9909738
9905221
9967818
9905217
9905204
9988343
9962515
9905174
9905152
9954127
9905145
9905143
9905137
9979237
9989126
9998395
9981528
9979298
9970027
9953894
9952482
9936614
9919739
9919667
9906241
9905127
9982484
9910065
9907697
9905101
9905083
9981494
9961718
9934997
9905081
9927458
9961103
9979056
9950608
9923830
9923002
9963440
9904947
9923130
9904899
9968901
9995437
9931348
9964856
9928868
9928627
9920559
9904898
9983918
9979842
9956089
9927412
9969302
9998973
9950205
9925348
9956452
9948697
9917621
9904876
9904859
9904830
9904807
9944448
9934690
9904746
9969844
9940031
9937473
9910392
9974294
9983937
9973824
9971216
9964184
9957916
9949851
9944969
9943686
9908742
9904620
9905156
9964138
9910363
9931195
9908676
9912487
9904586
9904566
9949928
9964343
9982266
9906772
9904511
9904509
9966915
9954939
9946120
9945502
9904479
9904367
9995724
9983976
9983062
9995136
9978260
9977420
9976265
9972997
9962261
9969629
9956976
9948011
9946220
9987466
9939901
9937723
9933084
9931038
9982606
9977302
9968038
9933320
9946586
9954567
9933485
9930666
9929245
9969120
9963007
9925698
9923803
9919872
9919719
9918761
9967506
9915061
9909731
9908844
9971033
9921776
9915624
9910226
9907448
9979620
9948767
9912291
9904233
9952287
9952034
9944836
9904219
9992190
9944800
9904145
9939322
9969970
9968388
9971731
9958347
9973897
9943186
9997658
9974757
9988137
9969132
9943685
9956967
9948882
9984645
9967361
9977347
9962533
9961877
9961841
9961053
9960300
9936817
9935457
9934088
9934679
9946539
9992056
9986801
9982168
9971521
9956720
9959545
9996705
9953155
9997427
9997507
9974125
9966137
9964947
9955586
9951703
9949644
9948928
9947011
9993855
9973329
9947007
9961847
9941859
9939613
9935082
9979232
9995877
9964839
9933705
9986236
9953569
9947305
9933355
9968882
9943263
9933217
9932304
9930753
9968859
9960083
9973234
9968206
9945911
9981670
9971616
9930449
9947052
9977661
9977536
9970165
9982043
9939214
9965695
9938863
9933001
9996536
9930021
9984737
9977061
9959703
9947546
9926176
9998674
9926067
9951920
9967007
9984263
9959385
9945996
9922171
9940470
9933593
9921475
9965183
9943064
9919887
9918552
9916543
9926174
9975725
9932971
9919234
9916298
9972260
9962697
9969005
9967687
9975341
9993207
9963708
9940408
9995993
9975701
9927259
9925112
9936868
9922096
9921489
9927919
9915220
9914660
9973200
9914031
9913347
9912384
9911893
9985652
9909994
9909332
9909168
9995595
9991409
9988371
9978606
9969600
9969494
9972455
9965093
9964941
9946497
9945593
9933630
9985253
9990136
9928564
9951380
9996488
9938784
9936490
9927191
9922911
9916727
9988405
9939783
9922362
9914824
9987323
9976392
9943512
9938914
9976864
9964553
9986124
9966048
9971614
9960186
9950011
9936092
9985525
9932818
9929271
9928740
9960019
9927511
9999745
9944696
9940960
9925456
9954076
9984776
9931795
9920368
9973470
9973464
9937225
9932874
9916830
9911897
9910493
9958874
9935649
9909015
9908640
9908451
9964288
9997267
9984887
9932541
9926084
9948765
9908438
9908214
9977800
9908031
9973293
9940848
9910781
9964855
9963463
9907840
9907404
9906874
9962559
9913950
9906113
9905984
9991533
9905667
9905576
9997354
9980261
9988345
9985544
9965400
9993657
9973754
9932779
9913152
9904680
9968249
9947145
9953220
9979589
9971113
9990619
9930619
9928642
9926592
9957596
9918509
9910455
9904866
9904218
9982080
9918075
9916213
9904159
9981830
9904044
9903966
9903897
9903827
9998536
9972434
9903730
9903729
9903667
9903647
9980696
9967789
9972901
9967202
9986957
9961440
9997813
9993032
9994590
9990947
9992783
9978353
9977783
9969476
9954634
9988846
9933349
9921946
9920809
9915978
9915053
9904704
9924727
9945832
9917996
9999247
9985539
9903627
9904000
9903626
9978287
9915973
9963346
9922154
9933033
9903616
9975582
9974296
9972475
9963250
9947434
9927357
9918930
9903560
9903470
9903459
9921190
9966260
9928729
9918142
9903377
9977822
9944602
9925827
9992402
9989528
9978808
9973146
9948902
9944963
9943555
9923215
9922260
9914787
9989589
9903339
9992342
9975874
9939174
9915392
9994540
9934544
9928921
9903302
9978853
9952444
9989622
9952173
9950583
9947713
9918800
9903285
9991606
9945791
9944873
9940383
9919939
9909376
9989147
9903271
9903249
9952616
9915237
9903215
9949981
9903204
9903193
9903154
9937457
9918830
9942715
9907027
9903110
9903083
9903072
9989112
9985066
9983516
9956335
9951858
9950520
9992730
9950588
9937994
9936501
9934275
9934162
9916394
9905398
9973433
9934657
9931160
9991383
9983525
9973974
9959709
9952956
9949902
9946179
9945565
9969475
9948883
9937198
9934235
9987128
9983254
9942348
9963468
9992970
9977814
9966964
9959036
9965316
9957740
9951742
9968975
9943462
9970918
9953889
9973249
9970258
9959901
9988145
9986204
9988520
9981326
9972645
9964392
9955418
9949692
9972466
9947528
9942250
9937696
9935854
9935419
9963283
9932200
9928425
9956042
9964238
9993823
9925909
9994224
9924624
9984854
9922617
9922392
9931662
9921084
9913877
9913761
9911020
9990317
9976249
9934678
9929556
9977425
9942829
9918233
9991027
9997392
9949555
9940588
9930628
9926324
9984995
9999187
9998050
9983402
9926601
9923517
9934441
9929797
9914344
9911269
9999410
9957990
9980386
9989999
9959886
9957507
9989460
9985164
9965511
9954515
9980854
9947584
9976708
9947360
9945113
9944595
9966040
9943895
9956313
9963565
9942624
9939641
9980179
9972157
9943741
9937247
9931567
9928195
9937701
9926462
9925709
9917938
9922748
9917284
9914188
9993298
9910394
9910307
9921355
9913510
9909177
9994627
9983500
9952095
9909145
9909029
9908066
9905774
9993697
9984623
9941156
9957751
9935842
9967665
9999266
9967248
9948893
9983117
9948066
9939981
9958077
9924022
9915558
9973809
9907061
9905022
9977492
9904552
9928696
9984489
9904139
9967968
9986320
9987209
9981020
9978570
9965382
9982014
9977216
9981171
9952143
9951084
9979160
9983978
9931848
9921210
9911778
9954379
9919891
9990000
9965928
9948762
9907821
9906200
9945004
9906362
9997452
9979754
9964059
9958360
9954889
9953304
9947522
9935644
9978752
9944663
9932394
9930596
9930799
9921787
9980418
9960240
9994236
9965549
9993209
9955516
9931372
9917960
9936858
9991429
9911800
9948693
9996419
9950132
9910022
9903916
9903809
9941896
9903306
9972876
9995377
9980732
9976641
9941787
9987731
9941399
9927261
9911995
9903061
9948400
9943699
9927347
9987249
9903048
9982443
9927427
9945800
9929411
9987718
9948455
9952779
9915302
9912203
9911514
9911344
9903031
9902997
9902988
9996623
9983804
9967816
9902924
9902857
9995495
9941097
9938384
9910778
9969838
9964217
9937300
9958732
9946659
9943350
9925010
9924233
9992450
9967635
9965393
9922051
9921503
9917309
9910806
9902850
9902845
9902826
9971636
9937239
9902809
9937847
9948745
9933311
9924732
9967058
9910795
9902805
9902778
9963892
9981018
9963187
9999513
9902740
9902727
9917267
9902675
9957807
9939908
9914964
9902660
9980131
9966038
9968704
9987329
9978124
9972015
9964073
9961527
9969594
9966253
9949022
9948291
9947732
9934217
9928091
9998650
9981311
9945819
9972649
9984648
9933071
9930485
9925692
9919064
9979012
9963302
9984659
9968298
9934812
9964952
9928252
9924712
9922947
9995592
9977498
9993874
9987706
9967390
9951359
9955677
9948944
9937316
9922615
9970277
9995167
9964028
9924963
9920289
9967313
9919863
9918884
9945323
9958063
9954606
9925884
9915503
9996660
9916948
9910723
9909132
9987790
9980689
9999788
9974731
9933841
9929792
9978912
9908938
9908805
9939324
9921369
9976669
9969330
9947488
9917610
9983053
9996681
9957212
9979269
9956691
9992301
9976555
9993979
9996010
9982969
9981032
9974400
9963604
9979112
9985683
9956983
9956948
9952860
9951180
9941820
9992354
9972760
9999843
9994844
9987600
9968066
9950547
9986897
9948774
9960465
9949847
9946978
9945620
9942324
9942294
9951894
9941073
9940680
9938742
9937859
9936216
9982872
9981526
9958540
9983949
9934967
9999415
9997753
9986061
9997200
9933268
9932797
9998569
9990894
9987865
9973212
9952067
9947335
9946414
9932199
9931973
9962763
9931698
9931275
9978212
9971975
9991118
9968357
9959376
9934962
9983656
9984305
9965570
9951915
9955376
9933652
9930024
9973391
9928969
9977692
9968996
9928448
9928224
9928036
9982063
9950552
9993309
9927602
9927557
9927100
9926397
9926015
9987285
9983771
9968847
9937464
9927053
9926029
9924083
9923663
9923186
9924023
9922449
9922370
9920604
9955975
9942577
9920312
9992601
9974206
9918162
9991213
9988064
9986575
9985006
9949075
9991898
9940188
9921909
9918090
9918027
9917754
9984252
9917495
9915820
9944841
9914932
9914864
9975451
9953009
9949216
9939508
9939389
9927487
9993536
9913332
9913249
9912659
9912446
9931675
9998605
9948347
9932422
9931331
9928153
9951565
9911763
9910321
9910067
9983138
9979547
9940431
9909195
9908552
9908431
9936210
9970073
9962425
9957353
9985159
9943899
9921799
9908216
9997942
9993316
9992614
9978829
9972107
9951711
9946629
9933887
9971022
9932257
9923016
9919034
9953297
9907696
9907356
9907029
9997260
9987034
9912055
9948402
9907059
9906828
9906800
9989042
9906069
9995869
9965353
9945557
9963775
9949587
9942493
9984885
9984594
9953470
9956926
9942604
9940638
9947824
9942987
9936321
9994142
9990104
9982631
9969289
9965762
9940814
9990729
9936136
9963024
9928431
9979719
9992389
9987126
9962922
9986109
9997338
9997206
9979709
9997131
9988075
9977028
9975751
9951881
9940742
9937870
9984059
9941699
9927055
9970554
9963972
9999753
9983644
9942039
9956157
9981607
9939808
9923985
9921385
9938913
9921119
9917252
9992722
9972940
9966108
9959292
9931266
9954022
9933333
9927202
9926810
9915949
9914385
9909583
9909561
9907939
9961662
9954805
9951985
9912572
9907327
9985694
9948575
9997464
9989751
9942877
9921921
9920022
9960651
9919753
9905736
9996584
9957720
9954342
9905335
9905161
9904912
9973945
9972094
9904702
9904374
9904132
9978942
9904114
9966653
9903998
9952624
9903828
9902606
9996522
9957380
9956172
9934644
9994524
9987824
9965844
9962033
9972638
9936843
9932873
9930656
9929861
9921534
9977236
9960169
9952994
9989711
9946755
9938435
9979432
9950853
9917934
9911665
9910152
9983319
9938433
9949955
9933185
9999815
9991595
9982604
9931168
9924945
9920444
9914119
9911734
9990270
9987181
9969251
9961536
9909920
9974008
9938354
9902596
9902594
9902573
9915843
9902560
9944160
9902551
9949087
9902545
9975119
9986708
9961714
9995023
9951995
9939998
9932325
9925220
9902534
9922201
9902532
9902522
9902521
9902518
9917617
9958285
9945548
9991007
9982338
9995369
9980252
9993643
9980983
9978323
9978238
9973981
9971162
9963687
9946381
9941822
9941365
9938050
9980124
9969439
9944075
9935361
9934980
9931768
9992357
9976297
9933235
9930417
9927538
9927072
9918549
9918530
9979457
9999992
9917696
9973361
9959879
9994737
9985519
9963006
9942243
9937911
9915445
9932267
9945144
9990537
9957046
9987451
9955963
9985557
9983861
9977335
9990685
9956822
9953340
9968150
9941716
9998841
9985802
9982525
9962101
9944822
9940472
9939897
9938222
9938000
9935528
9934388
9971298
9956065
9987365
9948956
9933374
9931016
9926036
9999933
9953023
9968275
9959263
9953166
9941928
9931576
9928083
9988491
9991166
9979930
9940690
9921551
9920155
9950485
9919954
9999730
9972540
9988118
9976606
9964020
9963371
9957183
9944515
9962747
9960061
9987331
9978810
9995062
9975551
9972764
9941252
9922950
9985817
9994996
9964762
9961786
9934557
9926754
9919658
9919151
9917496
9921874
9917391
9999658
9948886
9933648
9928816
9959999
9920575
9995921
9994880
9966937
9966355
9995932
9963158
9943660
9963203
9965803
9941100
9933689
9951242
9927014
9999921
9991148
9963374
9932266
9918151
9916672
9983907
9960437
9979444
9947160
9935381
9988426
9963552
9978026
9985946
9978119
9953485
9953160
9987396
9935473
9952174
9952196
9914957
9914903
9914490
9960833
9960195
9950540
9936145
9973079
9929269
9914365
9992659
9914293
9979253
9914289
9913265
9994497
9939917
9913022
9912480
9912422
9911329
9910346
9935819
9908993
9969267
9912256
9989695
9970219
9983132
9962569
9996802
9971127
9998516
9970364
9961311
9958845
9990407
9977239
9962158
9957310
9947960
9944576
9955984
9988135
9980491
9986826
9947694
9947604
9943099
9940750
9966010
9940585
9936345
9934882
9934550
9933036
9932519
9930421
9930362
9928314
9997395
9994196
9994100
9992606
9969161
9968217
9942972
9942200
9998669
9944976
9944742
9980727
9940739
9937083
9925482
9923650
9962858
9921362
9918436
9944489
9932942
9968492
9997451
9983355
9940919
9917634
9917168
9916527
9915688
9976441
9974744
9956231
9957169
9976948
9989632
9995999
9959357
9958819
9944211
9942082
9927179
9923873
9964063
9933765
9939734
9989280
9977909
9986973
9975700
9968478
9982207
9969998
9964945
9963080
9957528
9950783
9943387
9958371
9971635
9943197
9938362
9937758
9933241
9982138
9932000
9966520
9998838
9981730
9944132
9934594
9926709
9922521
9921174
9946452
9917498
9916808
9915666
9977400
9968248
9969808
9956099
9947611
9974827
9935876
9980023
9929088
9916540
9911332
9980327
9910499
9910471
9928680
9960965
9913545
9910412
9909982
9909221
9907619
9999492
9954714
9994103
9952484
9952163
9940079
9949350
9918019
9961459
9951472
9914544
9907134
9906591
9906526
9936578
9906391
9906026
9906283
9956587
9982511
9952556
9905787
9905468
9922616
9950956
9996855
9975521
9938065
9993064
9985403
9932340
9925365
9920135
9914424
9998140
9970298
9923540
9911092
9968019
9986314
9969002
9945451
9980031
9923251
9909244
9994513
9907705
9907065
9905194
9986430
9938582
9926715
9909312
9942514
9905108
9905100
9905059
9904872
9904847
9973104
9976376
9967241
9951010
9947572
9930275
9928590
9921584
9983354
9957868
9914514
9913593
9911528
9903524
9903383
9999246
9970536
9959307
9940876
9929691
9916833
9931474
9923322
9918023
9997944
9993875
9968147
9920949
9919675
9917181
9908558
9985031
9936732
9967783
9906118
9903371
9976916
9989310
9984028
9995142
9989298
9987052
9980038
9974510
9954056
9949685
9945806
9945698
9944110
9983467
9942419
9970822
9942297
9941162
9935650
9932553
9953849
9934866
9931097
9967865
9958832
9987185
9982929
9952342
9936932
9952149
9936514
9991501
9997350
9979887
9960179
9951745
9972781
9960661
9943442
9932038
9930203
9986697
9930893
9922270
9961131
9946651
9921408
9920657
9920070
9996792
9984020
9997114
9991335
9940089
9923868
9969154
9970598
9961706
9972252
9969100
9999585
9976689
9991961
9967085
9950761
9981965
9991629
9961961
9983751
9953922
9968118
9991777
9953431
9944512
9942719
9967230
9957241
9999806
9942614
9941085
9940863
9939164
9972130
9954316
9946169
9944754
9940407
9937355
9934400
9932848
9931596
9930520
9980034
9929964
9929942
9985073
9933020
9985329
9981092
9970006
9950386
9945869
9963870
9964463
9999858
9929132
9989013
9994814
9967819
9939925
9937374
9937119
9934382
9932234
9939075
9966511
9990864
9954219
9928733
9928345
9935290
9927762
9983172
9965758
9959662
9949167
9962381
9927565
9926719
9979822
9925836
9924745
9984805
9987681
9968410
9988348
9996085
9993581
9990199
9971828
9994396
9966608
9960211
9953193
9962830
9939437
9959040
9999194
9985005
9959894
9937292
9936079
9994476
9984247
9945078
9932203
9923197
9923034
9920841
9920690
9949184
9920606
9985146
9974784
9974754
9939284
9933200
9927738
9959456
9956972
9972031
9920447
9919848
9951437
9929170
9919061
9991341
9918611
9918450
9966495
9925355
9918278
9917031
9916910
9967487
9966203
9916221
9935348
9960402
9934407
9931017
9915869
9915752
9915663
9915526
9967080
9915262
9923018
9915164
9914916
9914753
9987423
9965079
9955601
9914457
9914409
9923528
9914138
9913952
9913655
9913193
9913169
9913042
9912944
9921541
9967186
9932623
9939567
9927899
9925337
9994275
9986643
9942700
9931397
9923191
9949474
9931029
9920751
9923125
9989645
9926458
9983825
9980541
9942846
9937523
9957840
9956362
9950957
9985378
9934099
9938635
9957201
9975615
9956614
9998917
9998735
9980407
9994731
9951888
9962178
9955077
9931052
9928587
9926267
9918940
9913473
9913269
9999491
9980155
9944128
9936324
9982394
9996776
9968559
9962021
9950767
9959105
9943154
9990635
9978761
9991632
9977853
9969072
9957608
9949965
9939387
9933667
9933009
9996629
9992411
9974146
9977670
9954124
9998175
9950458
9949657
9954977
9991164
9955827
9981635
9965654
9933693
9980122
9951128
9930677
9996557
9993960
9989337
9989083
9933177
9995467
9985986
9964715
9979745
9993023
9963600
9994840
9962646
9990624
9988334
9970118
9955593
9949360
9948973
9979613
9960361
9937309
9929926
9936671
9929135
9984540
9969445
9959174
9945269
9947597
9933069
9931719
9927316
9926166
9922377
9920556
9919934
9919897
9919446
9985293
9917505
9915621
9915328
9972989
9932704
9988444
9955704
9915027
9915018
9913956
9998178
9938797
9931102
9988509
9953762
9912942
9988459
9963067
9943049
9970736
9938602
9912827
9919868
9912459
9983140
9911911
9920086
9911789
9911724
9943117
9942293
9934692
9912693
9911487
9910780
9955035
9949315
9910667
9991255
9910439
9965385
9974395
9918087
9976654
9994749
9952377
9946267
9956232
9994593
9978097
9975049
9963047
9992503
9941104
9938669
9936025
9931933
9924367
9928163
9910371
9948475
9957112
9909926
9909481
9909469
9909349
9933962
9975727
9909268
9908996
9963263
9945684
9939919
9939704
9933270
9908857
9921988
9908803
9908381
9908371
9995204
9968950
9963040
9914032
9907633
9907232
9907026
9906594
9906553
9906439
9905305
9905233
9905117
9970378
9910318
9997037
9997609
9987307
9930212
9910393
9998993
9922167
9998474
9994357
9950686
9920741
9909298
9978194
9914700
9908254
9904694
9904585
9904427
9904118
9904060
9952578
9911138
9903847
9903670
9941178
9918903
9918060
9908401
9996234
9984539
9927312
9903568
9903086
9903063
9903057
9957681
9956986
9945575
9936348
9934202
9928470
9922207
9902505
9966214
9932382
9902484
9973350
9902474
9902431
9940540
9902415
9961162
9973930
9931720
9990325
9976020
9972743
9969823
9959336
9953822
9918925
9909479
9975787
9973964
9947238
9935908
9918729
9902410
9902407
9902397
9969626
9938759
9937298
9929433
9987954
9956233
9976286
9939148
9932282
9926444
9969753
9921315
9902384
9902371
9902363
9902348
9902344
9902333
9980091
9973810
9906850
9902308
9982772
9995064
9968814
9951240
9946750
9949211
9970261
9951402
9955037
9949638
9934080
9995505
9990422
9943654
9925904
9921891
9920170
9919354
9915104
9913137
9970204
9924452
9906679
9902307
9902305
9902300
9965508
9902294
9902288
9902285
9902208
9958454
9947973
9991983
9958057
9954820
9983948
9902206
9939910
9998533
9994944
9990424
9984175
9974468
9965892
9984915
9923274
9936914
9907646
9905601
9932012
9903387
9951949
9960991
9951244
9983841
9972843
9932804
9976970
9971295
9984387
9975782
9967163
9953945
9978743
9951989
9925136
9919893
9918883
9994666
9965521
9974766
9973196
9991976
9953115
9918804
9915981
9986686
9975738
9911417
9942180
9910007
9955709
9915925
9971796
9970350
9954862
9993834
9976419
9976171
9988565
9979151
9974138
9952048
9952022
9963434
9966991
9968809
9964876
9994000
9975626
9993495
9972744
9997243
9982819
9970300
9984535
9965875
9991180
9962483
9957418
9980524
9949536
9966800
9956613
9984240
9958679
9949096
9974122
9945016
9972566
9960477
9944377
9942415
9938368
9938123
9982199
9975135
9967537
9936286
9987608
9998606
9976795
9983522
9965203
9960822
9958338
9960204
9951344
9941648
9941353
9934111
9938696
9987756
9987022
9983475
9972943
9962541
9973670
9996382
9980765
9960639
9960205
9945363
9942786
9974292
9952495
9946401
9942471
9937727
9933723
9952737
9948541
9956462
9974505
9962384
9960280
9982255
9936074
9991073
9933569
9996841
9932899
9939502
9942868
9985868
9932832
9944787
9962275
9932734
9942864
9932387
9932160
9970287
9960306
9985091
9946790
9994207
9980301
9931827
9930945
9930930
9979958
9930736
9936387
9930571
9930533
9929225
9928701
9927898
9926497
9925208
9924086
9924057
9923565
9923378
9965297
9959721
9963736
9959354
9956395
9938129
9995409
9990238
9980480
9978090
9949248
9999125
9948254
9945386
9995061
9991915
9938895
9992222
9977561
9975977
9996052
9990884
9964884
9990225
9980596
9977388
9945999
9935399
9933662
9987965
9983981
9967122
9951109
9933345
9927834
9925146
9953787
9924046
9923901
9923139
9922762
9922648
9959484
9923248
9922485
9922348
9922194
9921471
9958963
9937961
9927126
9922175
9980927
9963624
9961076
9942739
9923665
9960780
9947249
9992433
9921168
9969335
9940629
9920835
9920160
9919614
9919550
9919318
9993648
9919283
9926914
9933799
9977778
9957210
9986146
9955857
9933194
9919232
9983950
9918543
9982556
9956016
9985607
9925528
9920148
9921176
9962616
9993866
9918411
9918175
9934887
9955243
9929430
9917559
9917467
9917253
9917105
9916709
9916337
9916293
9916173
9915648
9971622
9980039
9978295
9973932
9947802
9957296
9992865
9933086
9980246
9944452
9931639
9951522
9927351
9926656
9991963
9982601
9981105
9965045
9926078
9918731
9949759
9922590
9936775
9915234
9936259
9987480
9995819
9916571
9940602
9914590
9987763
9948679
9954904
9991778
9941991
9994606
9996173
9987156
9999879
9986981
9976924
9961850
9969742
9956574
9956234
9963678
9953007
9962326
9951228
9993130
9992144
9991189
9980234
9971163
9995655
9972006
9964436
9950834
9949933
9949097
9947045
9946070
9944902
9943370
9941725
9937041
9950459
9945303
9936421
9935062
9965330
9934919
9997532
9977917
9947261
9932401
9928490
9925209
9925102
9979401
9970644
9923896
9923072
9961078
9922278
9922112
9920730
9948709
9943787
9920717
9920152
9990120
9966440
9964569
9932645
9941409
9927588
9917428
9916255
9915102
9914273
9914236
9996160
9987011
9954269
9954040
9924427
9921635
9914065
9961731
9971829
9965172
9961170
9974994
9956501
9952403
9968798
9927149
9993217
9965156
9953020
9936089
9934423
9949372
9924589
9962199
9920705
9976631
9936720
9926512
9915924
9914036
9913980
9998683
9961411
9939424
9961203
9984226
9982866
9937451
9928977
9922975
9913801
9913391
9912741
9912680
9912396
9967990
9958319
9995398
9969836
9942714
9938461
9954696
9982234
9962093
9960181
9940061
9933130
9989842
9932913
9976529
9938631
9931022
9979896
9928748
9927659
9912193
9999537
9967070
9977813
9916175
9999923
9980393
9999950
9979449
9965372
9948537
9944251
9996535
9986193
9964772
9917698
9913252
9951864
9940279
9929459
9993575
9985883
9982895
9981136
9945685
9987394
9967660
9943856
9936606
9970786
9987816
9969628
9957542
9941747
9935734
9935479
9965732
9964246
9934369
9924380
9915218
9912147
9911928
9911590
9911498
9919682
9974965
9976831
9949762
9943909
9939138
9915299
9912549
9911408
9945656
9910938
9910573
9981392
9969707
9959524
9975959
9961584
9979934
9955432
9978064
9976824
9932673
9990850
9960454
9923500
9980960
9916150
9912719
9950419
9947298
9979744
9973847
9957691
9951644
9939337
9935892
9932793
9927341
9958919
9911069
9940051
9985542
9986252
9980958
9955075
9977989
9958192
9953976
9932911
9919988
9966564
9943977
9938951
9911218
9929111
9910533
9910277
9951695
9996009
9992334
9979080
9975200
9973177
9942792
9936179
9932950
9925249
9923448
9987056
9966802
9936325
9995774
9954301
9922439
9942354
9991630
9979899
9973158
9973257
9963731
9960103
9948072
9947437
9993634
9985315
9954686
9920812
9971920
9942278
9990431
9910025
9909868
9909728
9998216
9989032
9973508
9970664
9952477
9931681
9909671
9909585
9909478
9969339
9945578
9970150
9942797
9978929
9976206
9962517
9989497
9993535
9992219
9997622
9988815
9988601
9984838
9989953
9994374
9970594
9978688
9969917
9965926
9965407
9977702
9959049
9957202
9956159
9995871
9954967
9975869
9952251
9949136
9948759
9989247
9985999
9979220
9946128
9945251
9977769
9943798
9940634
9928415
9971373
9954935
9939361
9927099
9925852
9924408
9924081
9998407
9971129
9945713
9922766
9931271
9997591
9995351
9991287
9999626
9971982
9969360
9973240
9955641
9942370
9937710
9935882
9970584
9927830
9938985
9964270
9936437
9930751
9927257
9927256
9921524
9920799
9920092
9919693
9924206
9916902
9927121
9981758
9977606
9929437
9913158
9962306
9992481
9943304
9921884
9913061
9955373
9982197
9977583
9942413
9912417
9912239
9999553
9966152
9981167
9980539
9955415
9911499
9911446
9988227
9992110
9970384
9944898
9961255
9985283
9943810
9938111
9939909
9926393
9920353
9917834
9911295
9910981
9910420
9976714
9958499
9909390
9990007
9972505
9966151
9930961
9909348
9999657
9909327
9909254
9909198
9909158
9966322
9993507
9957463
9935780
9963025
9921359
9911529
9908968
9908936
9908712
9908662
9908651
9927166
9986700
9908614
9954050
9908579
9925575
9908562
9908519
9997775
9950037
9928837
9908492
9995065
9967521
9921822
9908437
9985271
9976463
9933882
9908346
9908091
9948077
9998389
9967462
9940002
9925054
9994940
9993417
9985806
9972799
9964723
9992413
9989194
9962998
9959602
9996064
9994022
9993117
9963414
9974586
9958287
9954373
9938421
9937439
9983646
9934537
9934194
9969004
9985974
9990195
9962743
9960922
9955726
9927216
9978738
9925986
9925020
9920852
9909684
9998968
9978588
9920339
9908081
9929582
9933555
9924937
9992681
9989973
9989513
9973175
9908069
9908040
9907999
9907843
9907830
9907783
9907731
9907728
9973633
9913800
9983549
9997616
9994680
9972956
9924059
9935153
9921659
9909100
9921094
9907673
9907492
9907408
9935898
9990531
9979144
9935442
9914619
9968690
9963388
9974010
9980782
9914541
9949706
9969146
9972487
9992032
9982280
9978714
9962076
9970033
9959617
9937923
9943611
9953635
9935443
9924194
9914969
9976242
9949627
9948459
9943687
9942787
9993684
9973342
9972971
9953010
9930590
9926866
9923058
9918747
9992485
9981101
9997761
9956920
9924763
9924636
9999701
9999115
9994411
9958543
9946879
9930137
9928539
9927743
9914631
9973902
9914950
9913538
9944378
9979847
9933139
9992004
9979884
9976425
9962794
9954121
9950025
9943549
9932992
9927384
9915179
9914034
9949433
9996652
9969366
9960625
9950548
9913112
9912930
9912128
9911315
9910829
9957091
9909774
9907924
9907388
9907086
9911388
9996757
9986857
9970110
9957973
9944018
9955930
9943832
9912308
9906965
9906844
9906726
9996069
9906601
9906444
9906366
9906308
9920295
9906293
9906086
9906057
9905808
9985371
9959755
9954511
9952199
9946140
9946036
9945275
9915332
9958983
9976623
9918743
9955942
9910338
9911106
9909949
9990213
9905767
9905470
9905456
9905433
9905291
9916048
9959838
9911083
9932109
9905261
9972758
9975213
9966101
9954371
9946359
9949514
9941997
9925167
9996729
9970359
9934553
9916542
9905210
9933291
9980955
9967555
9920831
9933531
9924036
9951902
9919520
9905867
9905592
9905146
9942140
9990434
9984642
9916798
9911130
9905104
9904933
9952286
9957045
9938774
9979753
9923842
9904922
9904669
9977580
9936485
9919174
9904550
9904532
9904387
9904264
9991804
9904204
9957313
9940420
9904165
9903760
9993024
9971987
9959984
9992843
9995615
9997905
9986551
9979571
9979018
9972296
9969934
9981373
9958672
9968208
9956428
9996760
9950192
9997050
9963941
9963467
9956738
9948006
9999847
9992576
9971962
9940353
9935227
9958738
9930321
9998871
9930035
9919655
9952620
9980195
9918573
9961952
9939225
9975717
9983911
9983669
9955915
9978469
9952217
9947086
9938598
9977065
9957036
9946275
9943039
9939471
9933199
9928741
9940682
9937601
9937078
9930532
9927774
9981560
9999801
9997351
9991933
9975858
9960535
9960516
9994354
9975208
9953827
9926698
9926502
9930857
9994644
9984640
9969520
9932440
9989017
9971837
9929058
9923697
9917081
9970926
9916573
9915867
9912835
9909806
9908699
9988625
9967786
9958709
9926268
9975325
9923181
9922108
9918024
9996007
9988872
9985526
9975108
9954401
9947467
9925951
9916359
9925922
9993792
9986015
9981535
9979070
9941603
9913964
9973123
9939160
9912736
9944432
9972377
9995015
9940572
9911336
9908122
9974794
9952075
9906463
9915961
9980756
9915205
9905860
9947576
9998336
9905798
9905621
9903673
9936425
9986941
9929504
9982110
9970903
9965358
9973545
9945227
9975573
9924697
9921068
9916473
9983173
9988256
9915472
9911999
9911769
9907708
9974301
9904296
9985057
9945209
9905696
9994197
9954780
9903344
9903280
9903095
9980346
9970730
9903041
9902967
9902919
9999741
9995368
9980083
9962836
9981302
9958979
9949043
9935247
9979291
9983563
9916446
9999739
9965389
9948112
9988321
9930507
9915282
9998802
9923829
9915988
9988734
9909184
9908947
9931044
9908086
9930844
9918169
9916847
9907437
9911715
9954930
9940932
9993502
9972716
9990552
9906955
9905826
9905745
9987472
9906131
9904397
9970916
9903067
9902688
9902539
9902382
9951002
9902367
9902321
9904944
9981513
9970566
9962924
9938580
9902282
9902194
9926427
9916650
9970243
9935099
9915587
9909598
9903855
9902185
9902169
9902158
9902149
9998482
9948097
9991227
9973983
9960216
9948146
9985893
9967006
9954332
9947524
9945405
9962809
9949897
9931997
9928607
9929806
9914550
9986660
9948418
9948550
9992130
9912980
9964502
9963904
9952998
9951545
9903660
9989187
9994136
9987829
9963550
9931756
9994702
9915331
9950894
9948434
9914106
9910388
9956411
9949393
9948901
9944712
9983577
9925340
9961006
9938257
9988788
9960100
9994589
9951696
9940044
9936885
9935461
9990273
9946976
9918608
9918555
9918285
9916882
9975572
9931212
9925675
9981039
9922709
9989148
9966844
9914370
9908740
9907454
9947153
9984366
9922109
9904796
9903149
9902736
9987626
9932960
9902148
9967138
9965906
9964708
9942881
9910609
9927037
9976738
9942724
9987882
9980904
9972257
9991823
9964391
9963316
9971811
9995768
9971577
9966521
9960497
9976408
9962050
9955108
9976340
9951758
9950892
9944707
9999610
9996533
9988291
9958724
9945503
9942546
9941439
9939696
9996476
9939070
9967607
9938923
9938363
9988485
9962366
9960636
9956786
9953432
9935909
9935440
9935148
9937174
9934052
9971757
9931649
9946328
9937720
9932798
9998443
9998949
9934805
9930950
9929021
9928274
9939911
9926716
9926234
9926058
9922188
9925476
9921485
9918044
9917796
9974136
9941670
9931309
9917791
9917407
9987950
9990476
9981190
9973632
9973624
9965831
9987936
9964388
9961094
9956644
9978220
9951327
9947557
9938357
9937188
9972564
9998064
9942553
9935996
9934661
9935291
9933800
9932925
9932786
9927097
9990391
9977112
9945563
9935822
9925158
9968142
9969033
9940277
9922494
9921619
9921388
9919722
9918770
9914225
9930657
9953267
9914103
9990731
9960381
9937283
9913759
9990844
9960138
9952863
9922747
9913565
9933481
9913380
9954030
9930182
9913370
9912732
9982932
9912627
9911774
9911599
9910356
9910149
9923301
9986932
9907144
9914641
9906419
9905258
9905089
9904789
9994758
9976416
9932030
9918827
9904072
9903103
9903026
9970452
9973662
9955570
9953866
9945458
9967286
9993002
9941555
9928823
9917763
9910255
9993574
9973801
9987903
9999131
9998217
9964954
9937389
9986976
9924307
9925879
9915548
9902936
9956000
9938626
9913669
9911818
9985626
9979452
9974689
9957502
9945603
9949946
9960773
9955379
9914920
9961479
9909667
9986037
9994838
9959576
9947999
9963294
9940826
9962542
9937541
9929713
9928505
9927525
9906558
9952476
9944299
9956780
9929286
9916083
9985952
9969477
9939001
9971594
9992932
9979293
9995215
9936815
9963228
9948929
9946324
9963384
9936780
9936059
9991186
9943874
9928198
9916966
9927096
9938967
9937666
9915144
9913307
9982663
9938686
9909302
9905699
9925128
9911611
9904141
9902517
9980452
9902139
9902136
9902122
9902111
9902104
9902090
9928039
9959585
9993594
9993375
9971892
9968477
9943839
9941652
9933626
9929027
9979505
9959227
9936837
9995453
9926057
9919450
9917436
9917160
9951970
9913433
9911350
9993849
9993602
9999999
9999198
9996834
9957517
9955785
9941262
9990984
9989434
9978146
9976891
9941600
9925012
9955347
9913772
9975158
9913407
9910951
9971558
9910855
9969059
9910751
9908193
9956603
9950755
9908083
9907675
9903336
9924110
9998099
9968655
9936586
9956269
9938880
9935311
9984322
9972143
9971187
9953278
9928541
9980803
9986128
9948867
9948351
9968027
9953908
9936327
9945721
9934725
9925704
9992293
9957789
9944486
9982160
9967449
9961823
9918847
9912979
9987629
9944638
9978722
9938647
9944406
9934950
9913996
9908298
9902102
9902085
9902078
9902074
9945017
9927156
9920987
9902054
9902045
9994105
9948460
9983469
9989538
9983108
9949271
9946454
9936842
9928026
9960330
9955111
9988749
9946677
9944596
9944372
9984524
9935298
9930772
9948713
9939701
9929019
9924364
9955880
9954927
9923974
9919799
9918525
9903877
9981438
9902808
9935629
9902657
9978581
9902040
9902027
9902016
9932088
9916091
9902014
9916654
9982254
9951116
9955817
9969704
9945992
9939810
9968714
9951277
9994707
9989755
9967726
9931707
9917997
9967527
9979215
9914513
9911643
9953616
9913798
9990026
9980232
9974759
9977671
9974423
9948555
9916595
9912474
9906804
9902012
9902001
9948927
9927342
9901996
9901971
9901955
9901948
9959991
9901947
9971584
9964601
9919504
9912918
9909810
9901917
9901899
9986104
9932590
9905495
9901897
9901880
9901869
9981203
9901863
9901853
9901844
9901835
9939923
9925256
9937630
9933980
9924443
9915150
9901833
9961985
9970317
9951357
9981002
9943022
9980744
9936260
9927887
9999321
9999171
9944445
9947998
9941894
9939935
9968324
9972476
9928260
9980587
9994462
9994049
9940148
9939472
9916716
9910564
9982082
9972710
9961129
9953511
9986746
9986666
9966733
9968517
9958749
9957217
9943073
9976109
9951813
9938297
9938151
9937695
9932489
9986881
9963297
9931072
9921651
9912622
9903699
9901829
9901798
9961024
9991465
9967974
9987918
9985435
9980757
9962470
9954345
9943016
9942705
9995765
9982756
9985445
9991871
9971599
9970752
9970507
9968702
9980646
9944382
9937578
9973690
9960792
9972027
9996995
9963817
9980033
9972707
9950211
9992796
9943081
9941373
9993422
9985182
9938723
9999533
9936678
9935500
9934651
9934623
9996115
9987841
9969157
9984043
9978565
9956896
9978547
9931843
9930476
9928683
9926485
9926471
9925826
9934476
9992083
9980149
9995501
9978443
9961898
9949886
9948208
9939485
9924875
9937446
9917658
9917457
9916745
9981270
9964205
9955484
9992311
9930096
9975217
9970576
9959657
9937956
9991909
9970194
9940788
9942080
9935257
9994051
9991195
9987237
9980995
9960377
9958961
9930316
9996455
9927652
9997531
9967541
9986460
9947719
9922078
9920746
9917776
9915296
9914074
9912628
9938886
9911396
9989052
9977444
9972546
9974840
9922620
9997215
9985052
9979529
9977639
9977634
9974379
9960882
9987979
9946352
9932059
9929574
9923538
9920811
9919762
9976791
9971362
9949515
9983040
9950347
9919412
9974175
9915608
9997666
9989663
9985233
9996390
9974596
9966697
9965334
9958523
9957498
9954823
9946614
9942417
9959789
9937693
9937273
9932207
9926017
9922157
9919382
9916603
9913534
9933991
9912657
9932997
9909449
9909442
9954417
9909036
9908881
9998704
9978845
9961691
9999892
9983991
9965874
9958926
9957652
9956678
9987223
9983677
9961245
9939928
9930976
9914782
9949384
9955959
9938835
9943896
9979425
9994835
9978976
9978837
9994968
9971827
9952823
9949941
9979850
9942826
9939647
9937006
9933839
9955638
9971864
9955448
9953263
9981521
9964974
9970476
9964579
9942231
9933447
9932236
9930977
9964310
9929198
9998716
9990820
9979588
9932928
9998491
9925579
9923942
9987749
9926650
9947792
9923502
9919779
9996653
9960579
9958379
9933091
9975673
9928961
9917521
9946326
9917080
9916581
9916031
9930060
9998922
9993271
9961777
9935936
9915096
9959793
9939057
9923877
9915009
9914114
9912724
9912707
9990782
9932667
9993436
9979960
9972212
9943342
9951576
9912985
9975908
9910461
9909729
9908463
9942888
9913782
9908282
9908057
9907863
9907812
9907608
9906531
9993511
9988806
9984063
9970624
9959638
9945879
9997126
9986095
9972769
9971031
9970600
9998895
9946994
9944578
9982066
9999275
9996110
9991821
9984319
9956006
9953936
9949079
9948980
9990880
9958964
9948451
9945559
9943940
9942718
9940240
9936530
9979965
9936339
9987570
9961088
9948279
9981087
9999126
9972928
9972539
9957858
9934061
9931594
9924566
9987805
9956906
9939688
9924131
9991593
9929352
9953498
9923971
9923696
9922836
9922261
9967045
9963402
9921838
9995892
9944485
9918353
9930509
9917532
9952412
9917526
9973601
9972428
9966452
9964382
9922087
9916158
9985204
9976965
9985606
9962218
9958975
9952572
9928405
9914982
9912823
9912668
9951775
9938670
9933583
9909263
9906101
9905692
9904880
9946178
9940982
9991034
9972392
9985094
9925036
9925616
9904488
9960152
9955776
9912156
9904366
9922344
9932721
9926874
9960358
9904303
9911962
9965839
9917827
9903967
9903788
9958225
9929690
9946887
9945736
9998905
9982958
9977108
9969942
9952426
9966059
9987314
9967415
9943985
9927851
9927048
9958937
9951127
9948680
9940842
9960170
9937790
9925706
9920611
9909060
9903705
9903576
9934607
9954310
9998817
9974338
9965912
9952636
9981565
9952508
9951450
9935300
9933976
9933101
9947841
9931920
9957620
9988820
9938371
9931870
9922550
9916324
9970758
9998827
9998546
9989162
9982939
9966309
9995971
9982378
9954109
9937558
9936787
9934201
9990601
9948499
9931934
9930863
9990990
9969849
9926629
9923790
9965518
9926988
9918739
9996899
9915362
9913222
9999871
9999485
9989949
9982362
9948731
9952410
9952395
9967908
9996307
9979690
9937974
9937930
9912860
9910584
9995261
9911562
9929346
9941473
9950104
9977857
9944278
9987083
9993791
9975037
9985240
9948740
9942195
9969183
9992621
9989603
9965331
9963888
9952810
9951267
9950167
9941912
9985932
9954289
9940498
9997410
9932454
9931808
9925553
9933331
9925981
9929848
9959826
9921565
9956391
9955030
9999325
9921421
9984185
9991536
9975635
9951951
9968228
9953528
9943752
9948635
9971685
9948009
9943261
9927262
9996485
9974859
9925985
9920602
9919724
9939059
9919317
9919136
9918598
9918474
9977300
9967673
9958927
9998300
9997156
9987439
9983880
9978136
9974800
9969574
9964555
9953288
9946016
9980569
9964065
9954295
9985195
9975071
9943946
9962188
9963373
9938034
9970712
9960692
9937045
9936559
9930027
9953966
9985514
9978670
9964532
9953909
9982533
9963267
9941689
9939905
9928147
9952086
9925329
9922539
9921291
9921111
9917979
9917358
9917042
9913910
9958195
9911725
9911338
9911244
9910400
9986106
9910234
9932338
9916266
9935274
9908389
9975433
9988566
9988111
9991052
9970126
9998053
9956572
9938786
9934574
9924374
9942418
9916297
9985622
9974863
9963178
9962026
9927674
9933595
9920136
9967670
9916024
9906545
9989831
9985624
9985291
9942806
9933955
9915796
9906305
9906254
9973893
9938813
9959428
9937624
9922107
9996357
9971447
9954892
9954644
9971250
9914328
9981356
9911884
9938064
9906829
9904800
9904527
9981957
9904357
9904017
9903368
9903074
9902682
9902379
9902327
9911242
9902317
9972696
9948029
9935054
9902255
9902202
9997814
9996302
9992696
9988875
9980830
9965281
9965228
9990943
9961018
9953712
9946926
9940741
9940655
9937663
9932082
9967289
9959855
9946402
9927267
9926783
9925915
9924725
9919911
9916005
9902086
9993664
9943675
9981523
9938199
9912019
9901956
9901926
9945201
9983879
9984504
9982903
9901907
9939293
9904196
9901879
9973332
9965244
9970979
9963999
9963585
9942812
9936120
9987275
9964850
9959137
9939199
9945560
9915588
9914908
9908297
9905664
9903300
9966465
9940746
9968648
9985564
9927008
9901800
9964171
9945130
9920131
9982543
9991673
9959711
9958650
9987728
9938949
9999994
9963484
9901785
9901780
9901766
9999835
9964979
9969098
9956549
9996027
9947912
9986264
9957177
9991235
9954879
9938029
9974562
9995509
9937449
9931166
9933803
9930385
9927130
9926283
9921180
9950678
9951751
9999082
9940575
9987773
9953896
9940394
9929836
9919123
9923150
9983774
9998886
9944640
9915499
9915294
9912640
9978239
9912177
9985665
9958276
9982180
9935715
9990661
9989994
9983279
9997155
9976549
9972478
9982613
9933578
9930314
9918612
9953157
9911619
9910882
9985345
9992409
9943215
9942500
9909212
9999828
9953353
9933707
9998257
9994719
9961503
9938162
9974981
9995865
9977240
9981780
9977838
9980388
9975948
9967857
9949839
9939849
9974234
9999043
9994911
9976670
9955759
9934165
9950642
9931269
9981625
9928355
9924013
9923610
9922742
9917509
9912259
9907781
9907545
9906395
9901759
9945585
9901757
9901753
9936010
9903266
9901739
9901707
9901697
9931075
9973492
9901669
9901654
9901653
9901647
9901645
9901637
9901634
9901612
9901610
9918257
9958575
9978403
9977794
9975556
9966710
9960560
9948667
9935094
9994076
9968470
9934741
9917142
9917090
9915064
9959659
9955370
9985032
9942155
9901605
9978432
9932693
9912716
9901599
9901598
9901592
9954364
9992197
9981003
9964331
9941837
9940553
9925089
9991060
9977437
9966821
9958924
9985825
9944192
9925477
9915987
9911287
9970784
9996224
9971880
9971164
9927335
9922017
9918387
9910353
9942701
9907382
9939726
9932105
9910191
9974753
9955693
9901561
9901557
9901544
9992937
9975994
9930629
9924678
9901532
9978777
9928289
9936962
9922877
9901529
9955546
9987145
9927722
9927687
9957863
9938816
9953423
9939977
9917656
9905322
9901837
9901521
9999392
9966597
9973919
9957247
9950350
9976381
9999771
9967268
9963466
9945594
9936150
9934712
9963409
9955041
9927932
9925392
9924870
9925619
9924527
9924091
9942890
9920357
9919491
9954438
9911998
9908223
9906489
9903630
9968556
9960619
9958158
9958006
9991178
9985856
9994615
9985571
9973118
9996406
9985367
9962815
9953066
9949327
9948717
9946975
9934736
9940309
9958321
9925995
9924259
9923259
9922070
9948265
9963332
9929139
9921614
9961466
9920199
9912917
9904883
9918356
9904581
9901519
9997924
9936615
9928334
9923432
9942899
9923485
9918206
9974257
9917416
9917220
9916441
9961878
9923941
9917431
9984549
9950668
9934404
9973564
9917296
9963939
9909285
9979311
9966806
9929635
9987294
9996949
9976103
9974363
9953468
9949254
9933058
9984237
9929097
9914677
9984049
9907456
9997768
9941773
9901547
9922815
9916060
9922216
9901509
9901502
9901486
9901479
9901470
9901452
9901444
9901439
9901410
9901407
9927562
9901400
9901378
9901371
9901339
9921145
9901334
9901331
9992174
9984850
9981662
9973507
9987368
9973033
9982158
9984261
9961754
9998248
9969637
9958017
9953194
9977860
9965700
9950241
9945988
9944781
9990404
9944504
9943219
9942452
9936076
9990750
9964127
9991398
9955986
9985372
9947649
9986082
9941129
9930638
9990226
9989748
9972785
9997770
9943950
9971974
9927164
9964367
9959437
9926681
9924931
9999267
9997023
9928468
9923384
9923351
9922367
9922110
9977962
9936539
9932600
9941461
9938974
9927336
9919746
9919578
9917408
9988809
9973911
9925454
9937679
9980387
9973774
9972037
9954630
9987544
9977440
9971014
9974880
9994156
9988004
9977551
9968756
9963139
9990475
9989259
9984000
9978372
9960069
9957776
9948962
9948469
9939444
9988879
9962538
9935322
9964266
9980997
9979021
9973318
9934214
9981445
9933653
9927867
9925006
9924588
9923345
9954814
9998307
9958104
9927080
9920166
9950995
9999185
9941147
9934829
9975702
9919846
9985908
9998778
9966634
9960502
9945438
9943748
9933599
9929711
9927514
9969424
9920998
9919127
9918585
9918293
9916894
9926932
9915880
9915101
9914118
9913509
9911381
9910249
9930752
9909280
9937561
9907556
9986292
9931048
9997736
9921676
9907547
9996996
9951958
9943190
9941396
9928664
9917588
9907041
9999305
9990587
9978957
9978587
9950742
9940182
9973950
9999402
9971741
9986718
9974814
9965837
9973807
9953447
9930996
9928300
9927002
9958426
9919915
9975737
9912789
9906603
9906045
9905877
9905005
9998032
9995115
9947985
9932739
9908994
9984693
9933317
9908027
9903717
9976713
9903050
9974259
9902243
9970059
9976193
9977649
9970527
9952357
9975847
9926008
9924623
9979321
9978950
9930058
9908011
9901320
9901299
9912832
9906207
9901280
9902840
9901265
9991905
9988104
9901244
9901227
9970731
9904788
9901225
9901222
9960196
9937842
9974966
9957935
9967808
9950488
9995273
9939406
9933572
9997124
9965832
9932669
9952705
9928015
9922086
9921924
9911236
9997373
9989828
9966044
9907085
9974099
9901217
9901171
9901161
9901143
9901142
9956581
9941744
9901132
9957499
9911317
9995570
9901455
9901109
9901099
9996791
9923879
9908489
9997895
9978844
9976299
9956500
9938337
9965472
9967956
9963337
9930518
9901086
9901085
9901074
9901062
9901060
9901059
9984766
9989276
9981936
9949962
9931558
9914088
9901046
9996940
9909975
9901045
9906516
9976510
9935057
9901020
9900997
9975946
9964411
9960897
9996918
9970861
9925402
9967850
9914198
9910048
9900967
9900962
9900958
9999357
9971935
9962985
9900950
9900889
9900886
9925977
9947934
9976846
9965366
9938615
9979786
9943080
9992786
9960790
9965843
9911985
9973563
9958882
9948137
9955812
9945076
9921269
9974166
9920082
9919930
9990593
9967564
9965488
9918919
9907883
9990321
9964909
9964452
9927605
9915611
9902424
9900883
9900878
9900875
9906048
9991155
9972054
9968721
9955066
9949791
9975091
9946694
9937492
9931191
9977090
9914440
9913105
9909367
9908269
9900834
9984729
9981909
9981008
